--- Startup times for process: Primary (or UI client) ---

times in msec
 clock   self+sourced   self:  sourced script
 clock   elapsed:              other lines

000.000  000.000: --- NVIM STARTING ---
000.056  000.055: event init
000.277  000.221: early init
000.549  000.272: locale set
000.570  000.021: init first window
001.228  000.658: inits 1
001.233  000.005: window checked
001.235  000.003: parsing arguments
001.983  000.173  000.173: require('vim.shared')
002.042  000.021  000.021: require('vim.inspect')
002.065  000.018  000.018: require('vim._options')
002.066  000.082  000.043: require('vim._editor')
002.067  000.432  000.177: require('vim._init_packages')
002.068  000.401: init lua interpreter
005.192  003.124: nvim_ui_attach
005.600  000.408: nvim_set_client_info
005.603  000.003: --- NVIM STARTED ---

--- Startup times for process: Embedded ---

times in msec
 clock   self+sourced   self:  sourced script
 clock   elapsed:              other lines

000.000  000.000: --- NVIM STARTING ---
000.045  000.045: event init
000.127  000.082: early init
000.389  000.262: locale set
000.408  000.019: init first window
000.641  000.233: inits 1
000.652  000.011: window checked
000.654  000.002: parsing arguments
000.934  000.023  000.023: require('vim.shared')
000.982  000.020  000.020: require('vim.inspect')
001.005  000.018  000.018: require('vim._options')
001.007  000.071  000.033: require('vim._editor')
001.008  000.113  000.019: require('vim._init_packages')
001.009  000.242: init lua interpreter
002.365  001.356: expanding arguments
002.375  000.010: inits 2
002.546  000.171: init highlight
002.547  000.001: waiting for UI
002.830  000.283: done waiting for UI
002.833  000.003: clear screen
002.944  000.020  000.020: require('vim.keymap')
003.649  000.121  000.121: sourcing nvim_exec2()
003.812  000.975  000.835: require('vim._defaults')
003.813  000.004: init default mappings & autocommands
005.156  000.161  000.161: sourcing /opt/homebrew/Cellar/neovim/0.11.2/share/nvim/runtime/ftplugin.vim
005.424  000.221  000.221: sourcing /opt/homebrew/Cellar/neovim/0.11.2/share/nvim/runtime/indent.vim
006.672  000.923  000.923: require('lazy')
006.907  000.008  000.008: require('ffi')
006.940  000.020  000.020: require('vim.fs')
007.267  000.326  000.326: require('vim.uri')
007.275  000.366  000.021: require('vim.loader')
007.953  000.659  000.659: require('lazy.stats')
008.376  000.231  000.231: require('lazy.core.util')
008.554  000.176  000.176: require('lazy.core.config')
009.137  000.168  000.168: require('lazy.core.handler')
009.954  000.285  000.285: require('lazy.pkg')
009.959  000.592  000.307: require('lazy.core.meta')
009.964  000.825  000.233: require('lazy.core.plugin')
009.969  001.414  000.421: require('lazy.core.loader')
010.622  000.135  000.135: require('lazy.core.fragments')
013.499  000.263  000.263: require('lazyvim.util')
013.509  000.750  000.488: require('lazyvim.config')
014.533  000.592  000.592: require('lazyvim.config.options')
014.976  000.427  000.427: require('config.options')
015.373  000.380  000.380: require('lazyvim.util.plugin')
015.688  000.313  000.313: require('lazyvim.util.deprecated')
015.885  000.195  000.195: require('lazyvim.util.inject')
015.998  000.111  000.111: require('lazy.core.handler.event')
019.357  000.418  000.418: require('vim.version')
021.521  000.408  000.408: require('lazyvim.util.pick')
022.968  000.243  000.243: require('lazyvim.util.lsp')
026.490  000.426  000.426: require('astronvim.config')
026.493  000.643  000.218: require('astronvim')
026.701  000.202  000.202: require('vim.hl')
026.861  000.159  000.159: require('astronvim.notify')
028.509  000.308  000.308: require('vim.lsp.log')
029.411  000.896  000.896: require('vim.lsp.protocol')
029.857  000.444  000.444: require('vim.lsp.util')
030.208  000.174  000.174: require('vim.lsp.sync')
030.216  000.357  000.183: require('vim.lsp._changetracking')
030.643  000.173  000.173: require('vim.lsp._transport')
030.667  000.449  000.276: require('vim.lsp.rpc')
030.742  002.824  000.369: require('vim.lsp')
046.453  000.381  000.381: require('lazy.core.handler.keys')
046.703  000.244  000.244: require('lazy.core.handler.cmd')
047.056  000.351  000.351: require('lazy.core.handler.ft')
047.205  000.008  000.008: sourcing nvim_exec2() called at /Users/tranthanh/.config/nvim/init.lua:0
047.219  000.001  000.001: sourcing nvim_exec2() called at /Users/tranthanh/.config/nvim/init.lua:0
048.021  000.002  000.002: sourcing nvim_exec2() called at /Users/tranthanh/.config/nvim/init.lua:0
048.032  000.001  000.001: sourcing nvim_exec2() called at /Users/tranthanh/.config/nvim/init.lua:0
049.239  000.002  000.002: sourcing nvim_exec2() called at /Users/tranthanh/.config/nvim/init.lua:0
049.247  000.001  000.001: sourcing nvim_exec2() called at /Users/tranthanh/.config/nvim/init.lua:0
049.514  000.001  000.001: sourcing nvim_exec2() called at /Users/tranthanh/.config/nvim/init.lua:0
049.522  000.001  000.001: sourcing nvim_exec2() called at /Users/tranthanh/.config/nvim/init.lua:0
050.675  000.001  000.001: sourcing nvim_exec2() called at /Users/tranthanh/.config/nvim/init.lua:0
050.685  000.001  000.001: sourcing nvim_exec2() called at /Users/tranthanh/.config/nvim/init.lua:0
051.360  000.038  000.038: sourcing nvim_exec2() called at /opt/homebrew/Cellar/neovim/0.11.2/share/nvim/runtime/filetype.lua:0
051.362  000.287  000.249: sourcing /opt/homebrew/Cellar/neovim/0.11.2/share/nvim/runtime/filetype.lua
051.368  000.373  000.086: sourcing nvim_exec2() called at /Users/tranthanh/.config/nvim/init.lua:0
052.744  000.208  000.208: require('vim.treesitter.language')
052.996  000.249  000.249: require('vim.func')
053.310  000.311  000.311: require('vim.func._memoize')
053.334  001.183  000.414: require('vim.treesitter.query')
053.344  001.938  000.755: require('nvim-treesitter.query_predicates')
054.139  000.004  000.004: sourcing nvim_exec2() called at /Users/tranthanh/.config/nvim/init.lua:0
054.146  000.001  000.001: sourcing nvim_exec2() called at /Users/tranthanh/.config/nvim/init.lua:0
055.883  000.534  000.534: require('astroui.status.config')
055.885  000.755  000.221: require('astroui.config')
055.888  001.179  000.424: require('astroui')
056.443  000.191  000.191: require('astroui.lazygit')
063.428  000.403  000.403: require('astrocore.config')
063.447  000.967  000.564: require('astrocore')
121.994  000.010  000.010: sourcing nvim_exec2() called at /Users/tranthanh/.config/nvim/init.lua:0
122.028  000.001  000.001: sourcing nvim_exec2() called at /Users/tranthanh/.config/nvim/init.lua:0
122.816  000.047  000.047: require('vim.F')
122.889  000.741  000.695: require('vim.diagnostic')
123.796  000.378  000.378: require('astrocore.buffer')
124.808  000.240  000.240: require('lazyvim.util.ui')
125.058  000.228  000.228: require('astroui.folding')
126.920  000.623  000.623: require('vim.filetype')
129.037  000.003  000.003: sourcing nvim_exec2() called at ColorSchemePre Autocommands for "*":0
129.043  000.001  000.001: sourcing nvim_exec2() called at ColorSchemePre Autocommands for "*":0
129.959  000.108  000.108: require('astrotheme.lib.util')
129.961  000.501  000.393: require('astrotheme')
130.196  000.234  000.234: require('astrotheme.lib.config')
131.178  000.103  000.103: require('astrotheme.lib.color')
131.233  000.263  000.160: require('astrotheme.palettes.astrodark')
131.345  000.108  000.108: require('astrotheme.groups.base')
131.463  000.095  000.095: require('astrotheme.groups.syntax')
131.570  000.095  000.095: require('astrotheme.groups.lsp')
131.776  000.191  000.191: require('astrotheme.groups.treesitter')
131.892  000.086  000.086: require('astrotheme.groups.astronvim')
132.008  000.093  000.093: require('astrotheme.groups.plugins')
132.220  000.181  000.181: require('astrotheme.groups.plugins.fzf')
132.402  000.159  000.159: require('astrotheme.groups.plugins.vim-illuminate')
132.685  000.261  000.261: require('astrotheme.groups.plugins.nvim-notify')
132.897  000.187  000.187: require('astrotheme.groups.plugins.neo-tree')
133.056  000.136  000.136: require('astrotheme.groups.plugins.lazy')
133.372  000.282  000.282: require('astrotheme.groups.plugins.render-markdown')
133.594  000.177  000.177: require('astrotheme.groups.plugins.telescope')
133.720  000.099  000.099: require('astrotheme.groups.plugins.mason')
133.871  000.118  000.118: require('astrotheme.groups.plugins.which-key')
134.163  000.261  000.261: require('astrotheme.groups.plugins.noice')
134.277  000.086  000.086: require('astrotheme.groups.plugins.dashboard-nvim')
134.552  000.238  000.238: require('astrotheme.groups.plugins.nvim-tree')
134.675  000.087  000.087: require('astrotheme.groups.plugins.gitsigns')
134.797  000.088  000.088: require('astrotheme.groups.plugins.nvim-dap-ui')
134.923  000.087  000.087: require('astrotheme.groups.plugins.blink-cmp')
135.129  000.171  000.171: require('astrotheme.groups.plugins.flash')
135.248  000.085  000.085: require('astrotheme.groups.plugins.nvim-window-picker')
135.504  000.189  000.189: require('astrotheme.groups.plugins.miniicons')
135.633  000.090  000.090: require('astrotheme.groups.plugins.aerial')
135.752  000.084  000.084: require('astrotheme.groups.plugins.snacks')
136.032  000.246  000.246: require('astrotheme.groups.plugins.nvim-web-devicons')
136.255  000.182  000.182: require('astrotheme.groups.plugins.bufferline')
136.378  000.084  000.084: require('astrotheme.groups.plugins.todo-comments')
137.020  006.448  001.939: sourcing /Users/tranthanh/.local/share/nvim/lazy/astrotheme/colors/astrodark.lua
141.445  088.094  076.343: require('astrocore')
142.261  000.008  000.008: sourcing nvim_exec2() called at /Users/tranthanh/.config/nvim/init.lua:0
142.270  000.001  000.001: sourcing nvim_exec2() called at /Users/tranthanh/.config/nvim/init.lua:0
142.870  000.557  000.557: require('neoconf')
143.416  000.338  000.338: require('vim.health')
143.420  000.548  000.209: require('neoconf.health')
143.884  000.145  000.145: require('neoconf.config')
143.890  000.469  000.324: require('neoconf.util')
144.050  000.148  000.148: require('neoconf.import')
144.318  000.130  000.130: require('neoconf.settings')
144.321  000.265  000.135: require('neoconf.commands')
144.841  000.133  000.133: require('neoconf.plugins')
144.964  000.122  000.122: require('neoconf.plugins.lspconfig')
145.751  000.005  000.005: sourcing nvim_exec2() called at /Users/tranthanh/.config/nvim/init.lua:0
145.757  000.001  000.001: sourcing nvim_exec2() called at /Users/tranthanh/.config/nvim/init.lua:0
146.928  000.202  000.202: require('mason-core.path')
147.437  000.124  000.124: require('mason-core.functional.data')
147.655  000.215  000.215: require('mason-core.functional.function')
147.890  000.229  000.229: require('mason-core.functional.list')
148.076  000.181  000.181: require('mason-core.functional.relation')
148.762  000.683  000.683: require('mason-core.functional.logic')
148.876  000.112  000.112: require('mason-core.functional.number')
149.035  000.151  000.151: require('mason-core.functional.string')
149.152  000.115  000.115: require('mason-core.functional.table')
149.287  000.110  000.110: require('mason-core.functional.type')
149.289  002.144  000.223: require('mason-core.functional')
149.332  002.402  000.258: require('mason-core.platform')
149.469  000.135  000.135: require('mason.settings')
149.471  002.893  000.153: require('mason-core.installer.InstallLocation')
149.971  000.185  000.185: require('mason-core.log')
149.973  000.294  000.109: require('mason-core.EventEmitter')
150.209  000.235  000.235: require('mason-registry.sources')
150.213  000.741  000.212: require('mason-registry')
150.214  004.330  000.696: require('mason')
150.447  000.175  000.175: require('mason.api.command')
150.704  000.250  000.250: require('mason-core.async')
150.923  000.114  000.114: require('mason-core.async.control')
151.028  000.104  000.104: require('mason-core.result')
151.414  000.095  000.095: require('mason-core.async.uv')
151.420  000.391  000.296: require('mason-core.fs')
151.453  000.747  000.139: require('mason-registry.installer')
152.038  000.197  000.197: require('mason-core.optional')
152.818  000.266  000.266: require('mason-core.process')
152.928  000.109  000.109: require('mason-core.spawn')
152.931  000.751  000.375: require('mason-core.installer.managers.powershell')
153.024  000.092  000.092: require('mason.version')
153.026  000.987  000.144: require('mason-core.fetch')
153.130  000.103  000.103: require('mason-core.providers')
154.402  000.630  000.630: require('mason-core.purl')
154.429  000.894  000.264: require('mason-core.package.AbstractPackage')
155.977  000.423  000.423: require('mason-core.installer.compiler.expr')
156.004  000.787  000.364: require('mason-core.installer.compiler.link')
156.972  000.226  000.226: require('mason-core.installer.context.InstallContextCwd')
157.081  000.108  000.108: require('mason-core.installer.context.InstallContextFs')
157.183  000.101  000.101: require('mason-core.installer.context.InstallContextSpawn')
157.290  000.105  000.105: require('mason-core.receipt')
157.302  000.665  000.126: require('mason-core.installer.context')
157.304  000.897  000.232: require('mason-core.installer')
157.312  001.163  000.266: require('mason-core.installer.managers.std')
157.314  001.309  000.146: require('mason-core.installer.compiler.schemas')
157.418  000.103  000.103: require('mason-core.installer.compiler.util')
157.423  002.632  000.434: require('mason-core.installer.compiler')
157.529  000.104  000.104: require('mason-core.installer.linker')
157.533  003.102  000.365: require('mason-core.installer.InstallRunner')
157.688  000.154  000.154: require('mason-core.installer.UninstallRunner')
157.692  004.459  000.308: require('mason-core.package')
157.694  004.563  000.104: require('mason-registry.sources.util')
157.700  006.012  000.161: require('mason-registry.sources.github')
167.093  000.008  000.008: sourcing nvim_exec2() called at /Users/tranthanh/.config/nvim/init.lua:0
167.104  000.001  000.001: sourcing nvim_exec2() called at /Users/tranthanh/.config/nvim/init.lua:0
167.687  000.002  000.002: sourcing nvim_exec2() called at /Users/tranthanh/.config/nvim/init.lua:0
167.698  000.001  000.001: sourcing nvim_exec2() called at /Users/tranthanh/.config/nvim/init.lua:0
167.955  000.834  000.830: require('astronvim.plugins.configs.mason-lspconfig')
168.500  000.002  000.002: sourcing nvim_exec2() called at /Users/tranthanh/.config/nvim/init.lua:0
168.505  000.001  000.001: sourcing nvim_exec2() called at /Users/tranthanh/.config/nvim/init.lua:0
168.862  000.247  000.247: require('vim.lsp.inlay_hint')
172.100  000.005  000.005: sourcing nvim_exec2() called at /Users/tranthanh/.config/nvim/init.lua:0
172.107  000.001  000.001: sourcing nvim_exec2() called at /Users/tranthanh/.config/nvim/init.lua:0
172.273  000.001  000.001: sourcing nvim_exec2() called at /Users/tranthanh/.config/nvim/init.lua:0
172.279  000.001  000.001: sourcing nvim_exec2() called at /Users/tranthanh/.config/nvim/init.lua:0
173.170  000.189  000.189: require('blink.compat')
173.171  000.618  000.429: require('blink-compat')
173.359  000.186  000.186: require('blink.compat.config')
173.552  000.184  000.184: require('blink.compat.event')
173.723  000.170  000.170: require('blink.compat.registry')
174.450  000.265  000.265: require('blink.cmp')
174.994  000.301  000.301: require('blink.cmp.lib.async')
175.403  000.202  000.202: require('blink.cmp.config.utils')
175.593  000.188  000.188: require('blink.cmp.config.keymap')
176.018  000.190  000.190: require('blink.cmp.config.completion.keyword')
176.211  000.192  000.192: require('blink.cmp.config.completion.trigger')
176.375  000.163  000.163: require('blink.cmp.config.completion.list')
176.638  000.262  000.262: require('blink.cmp.config.completion.accept')
176.919  000.279  000.279: require('blink.cmp.config.completion.menu')
177.164  000.244  000.244: require('blink.cmp.config.completion.documentation')
177.351  000.186  000.186: require('blink.cmp.config.completion.ghost_text')
177.352  001.758  000.242: require('blink.cmp.config.completion')
177.723  000.369  000.369: require('blink.cmp.config.fuzzy')
177.853  000.129  000.129: require('blink.cmp.config.sources')
178.024  000.170  000.170: require('blink.cmp.config.signature')
178.151  000.126  000.126: require('blink.cmp.config.snippets')
178.263  000.111  000.111: require('blink.cmp.config.appearance')
178.370  000.106  000.106: require('blink.cmp.config.modes.cmdline')
178.483  000.112  000.112: require('blink.cmp.config.modes.term')
178.485  003.489  000.217: require('blink.cmp.config')
178.670  000.184  000.184: require('blink.cmp.lib.utils')
178.840  000.169  000.169: require('blink.cmp.lib.event_emitter')
178.846  004.394  000.252: require('blink.cmp.sources.lib')
178.857  004.942  000.282: sourcing /Users/tranthanh/.local/share/nvim/lazy/blink.cmp/plugin/blink-cmp.lua
178.865  005.012  000.070: sourcing nvim_exec2() called at /Users/tranthanh/.config/nvim/init.lua:0
178.874  000.003  000.003: sourcing nvim_exec2() called at /Users/tranthanh/.config/nvim/init.lua:0
178.913  000.001  000.001: sourcing nvim_exec2() called at /Users/tranthanh/.config/nvim/init.lua:0
180.505  000.131  000.131: require('blink.cmp.config.modes.types')
181.824  000.131  000.131: require('blink.cmp.fuzzy.download.system')
181.855  000.650  000.519: require('blink.cmp.fuzzy.download.files')
181.857  000.864  000.214: require('blink.cmp.fuzzy.download.git')
181.859  001.076  000.211: require('blink.cmp.fuzzy.download')
182.255  000.322  000.322: require('vim._system')
183.205  014.336  006.625: require('blink.cmp')
183.657  000.170  000.170: require('astrolsp.utils')
183.798  000.138  000.138: require('astrolsp.config')
183.802  000.568  000.259: require('astrolsp')
184.846  000.675  000.675: require('vim.lsp.completion')
184.939  001.000  000.325: require('vim.lsp.handlers')
185.279  000.335  000.335: require('vim.lsp.buf')
185.547  017.588  001.100: require('astrolsp.mason-lspconfig')
185.989  000.195  000.195: require('mason-lspconfig.settings')
185.992  000.413  000.218: require('mason-lspconfig')
186.517  000.235  000.235: require('mason-lspconfig.notify')
186.520  000.520  000.285: require('mason-lspconfig.lspconfig_hook')
186.864  000.343  000.343: require('lspconfig.util')
187.128  000.263  000.263: require('mason-lspconfig.mappings.server')
187.315  000.185  000.185: require('mason-lspconfig.server_config_extensions')
188.081  000.242  000.242: require('lspconfig.async')
188.087  000.770  000.528: require('lspconfig.configs')
188.856  000.483  000.483: require('vim.iter')
188.868  000.780  000.297: require('lspconfig.configs.omnisharp')
189.626  000.343  000.343: require('mason-lspconfig.api.command')
190.213  000.259  000.259: require('lspconfig')
190.483  000.268  000.268: require('lspconfig.configs.lua_ls')
208.185  001.670  001.670: require('lspconfig.manager')
209.071  000.817  000.817: require('lspconfig.configs.solidity_ls')
210.581  000.528  000.528: require('lspconfig.configs.eslint')
211.431  000.351  000.351: require('lspconfig.configs.solidity_ls_nomicfoundation')
212.210  000.388  000.388: require('lspconfig.configs.erg_language_server')
213.353  000.596  000.596: require('lspconfig.configs.rust_analyzer')
214.011  000.293  000.293: require('lspconfig.configs.ts_ls')
214.735  000.403  000.403: require('lspconfig.configs.vtsls')
216.473  000.506  000.506: require('coq.lsp-request')
217.428  000.420  000.420: require('vim.treesitter._range')
217.442  000.673  000.252: require('vim.treesitter.languagetree')
217.446  000.860  000.188: require('vim.treesitter')
217.448  000.972  000.112: require('coq.ts-request')
217.545  000.097  000.097: require('coq.completion')
217.547  002.175  000.600: require('coq')
217.550  002.310  000.135: sourcing /Users/tranthanh/.local/share/nvim/lazy/coq_nvim/plugin/coq.vim
217.553  002.371  000.062: sourcing nvim_exec2() called at /Users/tranthanh/.config/nvim/init.lua:0
217.561  000.002  000.002: sourcing nvim_exec2() called at /Users/tranthanh/.config/nvim/init.lua:0
217.740  000.101  000.101: sourcing /Users/tranthanh/.local/share/nvim/lazy/coq_nvim/ftdetect/coq-snip.vim
217.744  000.151  000.050: sourcing nvim_exec2() called at /Users/tranthanh/.config/nvim/init.lua:0
217.748  000.001  000.001: sourcing nvim_exec2() called at /Users/tranthanh/.config/nvim/init.lua:0
217.990  000.003  000.003: sourcing /Users/tranthanh/.local/share/nvim/lazy/coq.artifacts/plugin/coq.artifacts.vim
217.992  000.055  000.053: sourcing nvim_exec2() called at /Users/tranthanh/.config/nvim/init.lua:0
217.996  000.001  000.001: sourcing nvim_exec2() called at /Users/tranthanh/.config/nvim/init.lua:0
218.001  000.001  000.001: sourcing nvim_exec2() called at /Users/tranthanh/.config/nvim/init.lua:0
218.487  000.149  000.149: sourcing /Users/tranthanh/.local/share/nvim/lazy/coq.thirdparty/plugin/coq_3p.vim
218.512  000.212  000.064: sourcing nvim_exec2() called at /Users/tranthanh/.config/nvim/init.lua:0
218.523  000.002  000.002: sourcing nvim_exec2() called at /Users/tranthanh/.config/nvim/init.lua:0
218.541  000.011  000.011: sourcing nvim_exec2() called at /Users/tranthanh/.config/nvim/init.lua:0
219.084  000.155  000.155: sourcing /Users/tranthanh/.local/share/nvim/lazy/nvim-lspconfig/plugin/lspconfig.lua
219.088  000.197  000.042: sourcing nvim_exec2() called at /Users/tranthanh/.config/nvim/init.lua:0
219.123  000.002  000.002: sourcing nvim_exec2() called at /Users/tranthanh/.config/nvim/init.lua:0
219.130  000.001  000.001: sourcing nvim_exec2() called at /Users/tranthanh/.config/nvim/init.lua:0
219.640  000.350  000.350: require('lazyvim.plugins.lsp.keymaps')
220.034  000.390  000.390: require('vim.lsp.codelens')
220.685  000.002  000.002: sourcing nvim_exec2() called at /Users/tranthanh/.config/nvim/init.lua:0
220.690  000.001  000.001: sourcing nvim_exec2() called at /Users/tranthanh/.config/nvim/init.lua:0
221.592  000.439  000.439: require('cmp_nvim_lsp.source')
221.595  001.294  000.852: require('cmp_nvim_lsp')
222.490  000.239  000.239: require('lspconfig.configs.solidity')
222.578  077.599  033.178: require('lspconfig.util')
222.945  000.189  000.189: require('neoconf.schema')
222.947  000.364  000.175: require('neoconf.plugins.jsonls')
223.092  000.125  000.125: require('neoconf.plugins.lua_ls')
223.097  081.562  001.225: require('neoconf')
223.230  000.002  000.002: sourcing nvim_exec2() called at /Users/tranthanh/.config/nvim/init.lua:0
223.235  000.001  000.001: sourcing nvim_exec2() called at /Users/tranthanh/.config/nvim/init.lua:0
223.437  000.154  000.154: require('lazyvim')
224.333  000.002  000.002: sourcing nvim_exec2() called at ColorSchemePre Autocommands for "*":0
224.338  000.001  000.001: sourcing nvim_exec2() called at ColorSchemePre Autocommands for "*":0
225.424  000.488  000.488: require('gruvbox')
226.626  002.068  001.580: sourcing /Users/tranthanh/.local/share/nvim/lazy/gruvbox.nvim/colors/gruvbox.lua
232.394  000.391  000.391: require('snacks')
232.397  000.529  000.138: sourcing /Users/tranthanh/.local/share/nvim/lazy/snacks.nvim/plugin/snacks.lua
232.400  000.576  000.047: sourcing nvim_exec2() called at /Users/tranthanh/.config/nvim/init.lua:0
232.406  000.002  000.002: sourcing nvim_exec2() called at /Users/tranthanh/.config/nvim/init.lua:0
232.413  000.001  000.001: sourcing nvim_exec2() called at /Users/tranthanh/.config/nvim/init.lua:0
233.063  000.267  000.267: sourcing /Users/tranthanh/.local/share/nvim/lazy/nvim-web-devicons/plugin/nvim-web-devicons.vim
233.065  000.307  000.040: sourcing nvim_exec2() called at /Users/tranthanh/.config/nvim/init.lua:0
233.069  000.001  000.001: sourcing nvim_exec2() called at /Users/tranthanh/.config/nvim/init.lua:0
233.075  000.001  000.001: sourcing nvim_exec2() called at /Users/tranthanh/.config/nvim/init.lua:0
233.565  000.002  000.002: sourcing nvim_exec2() called at /Users/tranthanh/.config/nvim/init.lua:0
233.570  000.001  000.001: sourcing nvim_exec2() called at /Users/tranthanh/.config/nvim/init.lua:0
234.485  000.863  000.863: require('mini.icons')
234.527  001.360  000.495: require('mini.icons')
234.531  001.365  000.006: require('nvim-web-devicons')
236.114  000.916  000.916: sourcing /Users/tranthanh/.local/share/nvim/lazy/vim-visual-multi/autoload/vm/plugs.vim
236.448  000.169  000.169: sourcing /Users/tranthanh/.local/share/nvim/lazy/vim-visual-multi/autoload/vm/maps.vim
236.675  000.165  000.165: sourcing /Users/tranthanh/.local/share/nvim/lazy/vim-visual-multi/autoload/vm/maps/all.vim
238.473  003.618  002.368: sourcing /Users/tranthanh/.local/share/nvim/lazy/vim-visual-multi/plugin/visual-multi.vim
238.476  003.655  000.038: sourcing nvim_exec2() called at /Users/tranthanh/.config/nvim/init.lua:0
238.482  000.001  000.001: sourcing nvim_exec2() called at /Users/tranthanh/.config/nvim/init.lua:0
238.490  000.001  000.001: sourcing nvim_exec2() called at /Users/tranthanh/.config/nvim/init.lua:0
238.519  000.001  000.001: sourcing nvim_exec2() called at /Users/tranthanh/.config/nvim/init.lua:0
238.523  000.001  000.001: sourcing nvim_exec2() called at /Users/tranthanh/.config/nvim/init.lua:0
240.057  000.168  000.168: require('tokyonight.config')
240.059  000.468  000.300: require('tokyonight')
240.436  000.190  000.190: require('tokyonight.util')
240.466  000.397  000.207: require('tokyonight.theme')
240.683  000.192  000.192: require('tokyonight.colors')
241.058  000.189  000.189: require('tokyonight.hsluv')
241.875  000.548  000.548: require('tokyonight.groups')
242.720  000.144  000.144: sourcing nvim_exec2() called at /Users/tranthanh/.local/share/nvim/lazy/tokyonight.nvim/colors/tokyonight.lua:0
243.121  003.782  001.845: sourcing /Users/tranthanh/.local/share/nvim/lazy/tokyonight.nvim/colors/tokyonight.lua
247.788  009.228  005.446: sourcing nvim_exec2() called at /Users/tranthanh/.config/nvim/init.lua:0
247.840  000.003  000.003: sourcing nvim_exec2() called at /Users/tranthanh/.config/nvim/init.lua:0
247.846  000.001  000.001: sourcing nvim_exec2() called at /Users/tranthanh/.config/nvim/init.lua:0
249.101  000.127  000.127: require('nvim-tree.notify')
249.105  000.389  000.262: require('nvim-tree.events')
250.315  000.104  000.104: require('nvim-tree.iterators.node-iterator')
250.344  000.514  000.410: require('nvim-tree.utils')
250.452  000.108  000.108: require('nvim-tree.log')
250.461  001.355  000.733: require('nvim-tree.view')
250.463  002.012  000.268: require('nvim-tree.core')
251.019  000.128  000.128: require('nvim-tree.git.utils')
251.125  000.105  000.105: require('nvim-tree.renderer.components.devicons')
251.328  000.105  000.105: require('nvim-tree.classic')
251.331  000.205  000.100: require('nvim-tree.node')
251.334  000.553  000.116: require('nvim-tree.node.directory')
251.336  000.658  000.105: require('nvim-tree.actions.finders.find-file')
251.436  000.100  000.100: require('nvim-tree.actions.finders.search-node')
251.438  000.863  000.105: require('nvim-tree.actions.finders')
251.840  000.122  000.122: require('nvim-tree.node.file')
251.841  000.222  000.099: require('nvim-tree.actions.fs.create-file')
252.523  000.566  000.566: require('nvim-tree.lib')
252.795  000.168  000.168: require('nvim-tree.node.link')
252.810  000.285  000.117: require('nvim-tree.node.directory-link')
252.812  000.969  000.118: require('nvim-tree.actions.fs.remove-file')
252.951  000.138  000.138: require('nvim-tree.actions.fs.rename-file')
253.331  000.379  000.379: require('nvim-tree.actions.fs.trash')
253.332  001.893  000.185: require('nvim-tree.actions.fs')
253.850  000.182  000.182: require('nvim-tree.diagnostics')
253.852  000.302  000.120: require('nvim-tree.actions.moves.item')
253.964  000.111  000.111: require('nvim-tree.actions.moves.parent')
254.078  000.113  000.113: require('nvim-tree.actions.moves.sibling')
254.079  000.747  000.221: require('nvim-tree.actions.moves')
254.498  000.259  000.259: require('nvim-tree.actions.node.file-popup')
254.689  000.190  000.190: require('nvim-tree.actions.node.open-file')
254.806  000.116  000.116: require('nvim-tree.actions.node.run-command')
254.918  000.111  000.111: require('nvim-tree.actions.node.system-open')
255.068  000.149  000.149: require('nvim-tree.actions.node.buffer')
255.069  000.989  000.165: require('nvim-tree.actions.node')
255.504  000.254  000.254: require('nvim-tree.actions.root.change-dir')
255.926  000.421  000.421: require('nvim-tree.actions.root.dir-up')
255.928  000.857  000.182: require('nvim-tree.actions.root')
256.178  000.126  000.126: require('nvim-tree.actions.tree.find-file')
256.918  000.610  000.610: require('nvim-tree.actions.tree.modifiers.collapse')
257.038  000.118  000.118: require('nvim-tree.actions.tree.modifiers.expand')
257.039  000.860  000.131: require('nvim-tree.actions.tree.modifiers')
257.182  000.142  000.142: require('nvim-tree.actions.tree.open')
257.351  000.169  000.169: require('nvim-tree.actions.tree.toggle')
257.509  000.157  000.157: require('nvim-tree.actions.tree.resize')
257.511  001.582  000.130: require('nvim-tree.actions.tree')
257.512  007.048  000.117: require('nvim-tree.actions')
257.863  000.196  000.196: require('nvim-tree.appearance')
257.868  000.355  000.159: require('nvim-tree.appearance.hi-test')
258.529  000.237  000.237: require('nvim-tree.keymap')
258.532  000.663  000.426: require('nvim-tree.help')
258.782  000.248  000.248: require('nvim-tree.node.file-link')
258.973  000.189  000.189: require('nvim-tree.node.root')
259.449  000.275  000.275: require('nvim-tree.renderer.decorator')
259.451  000.477  000.202: require('nvim-tree.renderer.decorator.user')
259.591  011.742  000.749: require('nvim-tree.api')
259.914  000.322  000.322: require('nvim-tree')
260.115  000.168  000.168: require('nvim-tree.legacy')
260.391  000.025  000.025: sourcing nvim_exec2() called at /Users/tranthanh/.config/nvim/init.lua:0
260.398  000.005  000.005: sourcing nvim_exec2() called at /Users/tranthanh/.config/nvim/init.lua:0
261.062  000.130  000.130: require('nvim-tree.buffers')
261.519  000.222  000.222: require('nvim-tree.git.runner')
261.739  000.218  000.218: require('nvim-tree.watcher')
261.742  000.678  000.238: require('nvim-tree.git')
261.896  000.153  000.153: require('nvim-tree.node.factory')
262.418  000.165  000.165: require('nvim-tree.enum')
262.422  000.524  000.359: require('nvim-tree.explorer.filters')
262.631  000.208  000.208: require('nvim-tree.marks')
262.832  000.201  000.201: require('nvim-tree.explorer.live-filter')
263.321  000.488  000.488: require('nvim-tree.explorer.sorter')
263.524  000.201  000.201: require('nvim-tree.actions.fs.clipboard')
263.965  000.179  000.179: require('nvim-tree.renderer.decorator.bookmarks')
264.156  000.190  000.190: require('nvim-tree.renderer.decorator.copied')
264.315  000.158  000.158: require('nvim-tree.renderer.decorator.cut')
264.425  000.109  000.109: require('nvim-tree.renderer.decorator.diagnostics')
264.668  000.241  000.241: require('nvim-tree.renderer.decorator.git')
264.970  000.300  000.300: require('nvim-tree.renderer.decorator.hidden')
265.169  000.199  000.199: require('nvim-tree.renderer.decorator.modified')
265.721  000.550  000.550: require('nvim-tree.renderer.decorator.opened')
265.816  000.094  000.094: require('nvim-tree.renderer.components.padding')
265.872  002.231  000.211: require('nvim-tree.renderer.builder')
265.912  002.387  000.156: require('nvim-tree.renderer')
265.946  005.228  000.259: require('nvim-tree.explorer')
266.064  000.116  000.116: require('nvim-tree.explorer.watch')
266.281  000.110  000.110: require('nvim-tree.renderer.components.full-name')
266.282  000.211  000.101: require('nvim-tree.renderer.components')
266.425  000.104  000.104: require('nvim-tree.commands')
267.696  000.169  000.169: require('lib.log')
267.990  000.292  000.292: require('deps.msgpack')
268.302  000.310  000.310: require('deps.serpent')
268.731  000.428  000.428: require('presence.file_explorers')
269.035  000.303  000.303: require('presence.file_assets')
269.164  000.127  000.127: require('presence.plugin_managers')
269.700  000.101  000.101: require('deps.struct')
269.702  000.538  000.437: require('presence.discord')
269.707  002.796  000.629: require('presence')
270.038  000.119  000.119: sourcing /Users/tranthanh/.local/share/nvim/lazy/presence.nvim/autoload/presence.vim
270.547  003.742  000.827: sourcing /Users/tranthanh/.local/share/nvim/lazy/presence.nvim/plugin/presence.vim
270.550  003.812  000.070: sourcing nvim_exec2() called at /Users/tranthanh/.config/nvim/init.lua:0
270.562  000.001  000.001: sourcing nvim_exec2() called at /Users/tranthanh/.config/nvim/init.lua:0
270.572  000.001  000.001: sourcing nvim_exec2() called at /Users/tranthanh/.config/nvim/init.lua:0
271.215  000.326  000.326: sourcing /opt/homebrew/Cellar/neovim/0.11.2/share/nvim/runtime/plugin/editorconfig.lua
271.218  000.376  000.051: sourcing nvim_exec2() called at /Users/tranthanh/.config/nvim/init.lua:0
271.382  000.124  000.124: sourcing /opt/homebrew/Cellar/neovim/0.11.2/share/nvim/runtime/plugin/man.lua
271.385  000.163  000.039: sourcing nvim_exec2() called at /Users/tranthanh/.config/nvim/init.lua:0
272.499  000.213  000.213: sourcing /opt/homebrew/Cellar/neovim/0.11.2/share/nvim/runtime/pack/dist/opt/matchit/plugin/matchit.vim
272.512  001.069  000.855: sourcing /opt/homebrew/Cellar/neovim/0.11.2/share/nvim/runtime/plugin/matchit.vim
272.514  001.113  000.044: sourcing nvim_exec2() called at /Users/tranthanh/.config/nvim/init.lua:0
272.763  000.171  000.171: sourcing /opt/homebrew/Cellar/neovim/0.11.2/share/nvim/runtime/plugin/matchparen.vim
272.766  000.215  000.044: sourcing nvim_exec2() called at /Users/tranthanh/.config/nvim/init.lua:0
272.993  000.142  000.142: sourcing /opt/homebrew/Cellar/neovim/0.11.2/share/nvim/runtime/plugin/osc52.lua
272.996  000.188  000.046: sourcing nvim_exec2() called at /Users/tranthanh/.config/nvim/init.lua:0
273.217  000.178  000.178: sourcing /opt/homebrew/Cellar/neovim/0.11.2/share/nvim/runtime/plugin/rplugin.vim
273.219  000.220  000.042: sourcing nvim_exec2() called at /Users/tranthanh/.config/nvim/init.lua:0
273.362  000.101  000.101: sourcing /opt/homebrew/Cellar/neovim/0.11.2/share/nvim/runtime/plugin/shada.vim
273.365  000.142  000.042: sourcing nvim_exec2() called at /Users/tranthanh/.config/nvim/init.lua:0
273.617  000.205  000.205: sourcing /opt/homebrew/Cellar/neovim/0.11.2/share/nvim/runtime/plugin/spellfile.vim
273.619  000.250  000.045: sourcing nvim_exec2() called at /Users/tranthanh/.config/nvim/init.lua:0
273.700  000.032  000.032: sourcing /opt/homebrew/Cellar/neovim/0.11.2/share/nvim/runtime/plugin/tutor.vim
273.702  000.078  000.046: sourcing nvim_exec2() called at /Users/tranthanh/.config/nvim/init.lua:0
274.025  000.141  000.141: sourcing /Users/tranthanh/.local/share/nvim/lazy/cmp-nvim-lsp/after/plugin/cmp_nvim_lsp.lua
274.027  000.195  000.054: sourcing nvim_exec2() called at /Users/tranthanh/.config/nvim/init.lua:0
274.062  267.389  041.727: require('lazy_setup')
274.298  000.235  000.235: require('polish')
276.658  000.402  000.402: sourcing /Users/tranthanh/.local/share/nvim/lazy/telescope.nvim/plugin/telescope.lua
276.662  000.470  000.068: sourcing nvim_exec2() called at /Users/tranthanh/.config/nvim/init.lua:0
276.667  000.002  000.002: sourcing nvim_exec2() called at /Users/tranthanh/.config/nvim/init.lua:0
276.674  000.001  000.001: sourcing nvim_exec2() called at /Users/tranthanh/.config/nvim/init.lua:0
278.534  000.116  000.116: sourcing /Users/tranthanh/.local/share/nvim/lazy/plenary.nvim/plugin/plenary.vim
278.538  000.165  000.050: sourcing nvim_exec2() called at /Users/tranthanh/.config/nvim/init.lua:0
278.543  000.002  000.002: sourcing nvim_exec2() called at /Users/tranthanh/.config/nvim/init.lua:0
278.552  000.001  000.001: sourcing nvim_exec2() called at /Users/tranthanh/.config/nvim/init.lua:0
280.050  000.453  000.453: require('plenary.bit')
280.358  000.307  000.307: require('plenary.functional')
280.388  001.342  000.582: require('plenary.path')
280.398  002.539  001.030: require('plenary.strings')
280.568  000.169  000.169: require('telescope.deprecated')
281.146  000.221  000.221: require('plenary.log')
281.160  000.371  000.150: require('telescope.log')
281.795  000.170  000.170: require('plenary.compat')
281.800  000.423  000.253: require('plenary.job')
282.351  000.549  000.549: require('telescope.state')
282.371  001.210  000.238: require('telescope.utils')
282.376  001.806  000.225: require('telescope.sorters')
283.657  006.096  001.581: require('telescope.config')
284.026  000.140  000.140: require('plenary.window.border')
284.147  000.120  000.120: require('plenary.window')
284.252  000.103  000.103: require('plenary.popup.utils')
284.257  000.597  000.234: require('plenary.popup')
284.375  000.117  000.117: require('telescope.pickers.scroller')
285.011  000.635  000.635: require('telescope.actions.state')
285.138  000.126  000.126: require('telescope.actions.utils')
285.517  000.233  000.233: require('telescope.actions.mt')
285.534  000.394  000.162: require('telescope.actions.set')
285.760  000.123  000.123: require('telescope.config.resolve')
285.762  000.228  000.105: require('telescope.pickers.entry_display')
285.868  000.105  000.105: require('telescope.from_entry')
286.262  009.499  001.201: require('telescope.actions')
286.485  000.112  000.112: require('telescope._extensions')
286.488  000.223  000.110: require('telescope')
287.550  012.651  002.457: require('telescope.builtin')
288.643  000.346  000.346: sourcing /Users/tranthanh/.local/share/nvim/lazy/which-key.nvim/plugin/which-key.lua
288.646  000.411  000.065: sourcing nvim_exec2() called at /Users/tranthanh/.config/nvim/init.lua:0
288.652  000.002  000.002: sourcing nvim_exec2() called at /Users/tranthanh/.config/nvim/init.lua:0
288.661  000.001  000.001: sourcing nvim_exec2() called at /Users/tranthanh/.config/nvim/init.lua:0
289.169  000.451  000.451: require('which-key')
289.422  000.251  000.251: require('which-key.config')
289.448  001.896  000.780: require('which-key')
290.977  000.004  000.004: sourcing nvim_exec2() called at /Users/tranthanh/.config/nvim/init.lua:0
290.985  000.001  000.001: sourcing nvim_exec2() called at /Users/tranthanh/.config/nvim/init.lua:0
291.211  000.001  000.001: sourcing nvim_exec2() called at /Users/tranthanh/.config/nvim/init.lua:0
291.216  000.001  000.001: sourcing nvim_exec2() called at /Users/tranthanh/.config/nvim/init.lua:0
291.225  000.001  000.001: sourcing nvim_exec2() called at /Users/tranthanh/.config/nvim/init.lua:0
291.231  000.001  000.001: sourcing nvim_exec2() called at /Users/tranthanh/.config/nvim/init.lua:0
292.207  000.169  000.169: require('noice.util.lazy')
292.212  000.936  000.767: require('noice')
293.007  000.204  000.204: require('noice.util.call')
293.011  000.502  000.298: require('noice.util')
293.016  000.802  000.299: require('noice.health')
293.243  000.217  000.217: require('noice.config')
293.424  003.479  001.517: require('telescope._extensions.noice')
293.436  019.136  001.110: require('user.keymaps')
293.440  287.942  000.259: sourcing /Users/tranthanh/.config/nvim/init.lua
293.447  001.311: sourcing vimrc file(s)
293.748  000.103  000.103: sourcing /opt/homebrew/Cellar/neovim/0.11.2/share/nvim/runtime/filetype.lua
294.222  000.124  000.124: sourcing /opt/homebrew/Cellar/neovim/0.11.2/share/nvim/runtime/syntax/synload.vim
294.273  000.461  000.336: sourcing /opt/homebrew/Cellar/neovim/0.11.2/share/nvim/runtime/syntax/syntax.vim
294.281  000.270: inits 3
295.233  000.952: reading ShaDa
295.334  000.100: opening buffers
295.411  000.002  000.002: sourcing nvim_exec2() called at BufEnter Autocommands for "*":0
295.420  000.001  000.001: sourcing nvim_exec2() called at BufEnter Autocommands for "*":0
296.732  000.207  000.207: require('astroui.status.condition')
296.931  000.198  000.198: require('astroui.status.utils')
296.943  000.741  000.336: require('astroui.status.provider')
296.945  001.086  000.345: require('astroui.status.init')
296.950  001.318  000.233: require('astroui.status.component')
297.300  000.151  000.151: require('astroui.status.hl')
297.302  000.350  000.199: require('astroui.status.heirline')
297.303  001.867  000.198: require('astroui.status')
297.722  000.198  000.198: require('lualine.themes._tokyonight')
298.087  000.750  000.552: require('lualine.themes.tokyonight-moon')
299.513  000.398  000.398: require('heirline.highlights')
299.672  000.154  000.154: require('heirline.utils')
299.849  000.133  000.133: require('astroui.ffi')
300.311  000.272  000.272: require('heirline.statusline')
300.315  000.395  000.123: require('heirline')
301.257  002.223: BufEnter autocommands
301.259  000.002: editing files in windows
301.619  000.261  000.261: require('noice.config.views')
302.154  000.357  000.357: require('noice.ui.msg')
302.156  000.535  000.178: require('noice.config.status')
302.406  000.244  000.244: require('noice.config.format')
302.621  000.213  000.213: require('noice.config.icons')
303.264  000.359  000.359: require('noice.config.preset')
303.793  000.304  000.304: require('noice.config.cmdline')
304.076  000.282  000.282: require('noice.config.highlights')
304.984  000.505  000.505: require('noice.config.routes')
305.862  000.265  000.265: require('noice.lsp')
306.057  000.189  000.189: require('noice.lsp.message')
306.327  000.264  000.264: require('noice.lsp.progress')
306.978  000.441  000.441: require('noice.text.markdown')
306.991  000.649  000.208: require('noice.lsp.override')
307.308  000.316  000.316: require('noice.util.hacks')
307.637  000.288  000.288: require('snacks.picker')
308.610  000.971  000.971: require('snacks.picker.config.sources')
308.880  000.268  000.268: require('noice.integrations.snacks')
309.200  000.313  000.313: require('noice.commands')
309.642  000.370  000.370: require('noice.message.router')
310.246  000.274  000.274: require('nui.object')
310.255  000.612  000.337: require('noice.view')
310.552  000.209  000.209: require('noice.view.backend.mini')
310.856  000.268  000.268: require('noice.view.nui')
311.922  000.823  000.823: require('nui.utils')
311.938  000.996  000.173: require('noice.util.nui')
312.584  000.204  000.204: require('noice.view.backend.split')
313.006  000.135  000.135: require('nui.layout.utils')
313.008  000.356  000.221: require('nui.split.utils')
313.366  000.189  000.189: require('noice.view.backend.popup')
314.591  000.264  000.264: require('noice.view.backend.virtualtext')
314.801  000.160  000.160: require('noice.view.backend.snacks')
315.117  000.138  000.138: require('noice.source.notify')
315.312  000.185  000.185: require('noice.ui')
315.482  000.165  000.165: require('noice.ui.popupmenu')
316.013  000.223  000.223: require('noice.text.block')
316.163  000.120  000.120: require('noice.message.filter')
316.164  000.540  000.197: require('noice.message')
316.175  000.691  000.151: require('noice.ui.cmdline')
316.320  004.029: VimEnter autocommands
316.866  000.209  000.209: require('snacks.util')
316.916  000.553  000.344: require('snacks.dashboard')
318.443  000.377  000.377: require('snacks.scroll')
318.747  000.294  000.294: require('snacks.animate')
319.314  000.229  000.229: require('vim.ui')
319.317  000.532  000.303: require('snacks.input')
319.579  000.258  000.258: require('snacks.scope')
319.888  000.202  000.202: require('snacks.picker.config')
320.133  000.244  000.244: require('snacks.picker.config.highlights')
320.376  000.242  000.242: require('snacks.picker.config.defaults')
320.510  000.132  000.132: require('snacks.picker.config.layouts')
322.103  000.232  000.232: require('vim.termcap')
322.120  000.010  000.010: require('vim.text')
322.223  002.826: UIEnter autocommands
322.224  000.001: before starting main loop
323.393  001.169: first screen update
323.394  000.001: --- NVIM STARTED ---

